cpu-bind=MASK - nlpgpu04, task  0  0 [55660]: mask 0x3f0300003f03 set
cpu-bind=MASK - nlpgpu04, task  0  0 [55677]: mask 0x3f0300003f03 set
cpu-bind=MASK - nlpgpu08, task  1  0 [33750]: mask 0xff000000ff set
Loading checkpoint shards:   0%|          | 0/8 [00:00<?, ?it/s]Loading checkpoint shards:  12%|█▎        | 1/8 [00:00<00:00,  9.72it/s]Loading checkpoint shards:  38%|███▊      | 3/8 [00:00<00:00,  9.90it/s]Loading checkpoint shards:  50%|█████     | 4/8 [00:00<00:00,  9.86it/s]Loading checkpoint shards:  62%|██████▎   | 5/8 [00:00<00:00,  9.90it/s]Loading checkpoint shards:  75%|███████▌  | 6/8 [00:00<00:00,  9.90it/s]Loading checkpoint shards:  88%|████████▊ | 7/8 [00:00<00:00,  9.92it/s]Loading checkpoint shards: 100%|██████████| 8/8 [00:00<00:00,  9.94it/s]
Loading checkpoint shards:   0%|          | 0/8 [00:00<?, ?it/s]Loading checkpoint shards:  12%|█▎        | 1/8 [00:00<00:02,  2.71it/s]Loading checkpoint shards:  25%|██▌       | 2/8 [00:01<00:05,  1.10it/s]Loading checkpoint shards:  38%|███▊      | 3/8 [00:02<00:05,  1.10s/it]Loading checkpoint shards:  50%|█████     | 4/8 [00:04<00:04,  1.17s/it]Loading checkpoint shards:  62%|██████▎   | 5/8 [00:05<00:03,  1.22s/it]Loading checkpoint shards:  75%|███████▌  | 6/8 [00:06<00:02,  1.24s/it]Loading checkpoint shards:  88%|████████▊ | 7/8 [00:08<00:01,  1.23s/it]Loading checkpoint shards: 100%|██████████| 8/8 [00:08<00:00,  1.07s/it]Loading checkpoint shards: 100%|██████████| 8/8 [00:08<00:00,  1.10s/it]
The 'max_batch_size' argument of HybridCache is deprecated and will be removed in v4.46. Use the more precisely named 'batch_size' argument instead.
Starting from v4.46, the `logits` model output will have the same type as the model (except at train time, where it will always be FP32)
----------------------- 

prompt 

Once upon a time in a distant land, there was a brave knight who

----------------------- 

response 

was on a quest to find the Holy Grail. He had been searching for years, but he had yet to find it. One day, he came across a beautiful castle. He decided to rest there for the night. As he was sleeping, he had a dream. In his dream, he saw a vision of the Holy Grail. It was a beautiful chalice, and it was filled with a golden liquid. The knight woke up and realized that he had found the Holy Grail. He was so happy that he decided to share his discovery with the world. He wrote a book about his journey, and it became a best-seller. The knight lived happily ever after, and he was known as the knight who found the Holy Grail.

The Holy Grail is a symbol of the Christian faith, and it is said to have been used by Jesus Christ at the Last Supper. The Grail is also said to have been used by Joseph of Arimathea to collect the blood of Jesus Christ after he was crucified. The Grail is said to have been hidden in a cave in France, and it is said to have been found by a knight named Sir Galahad.

The Holy Grail is a symbol of the Christian faith, and it is said to have been used by Jesus Christ at the Last Supper. The Grail is also said to have been used by Joseph of Arimathea to collect the blood of Jesus Christ after he was crucified. The Grail is said to have been hidden in a cave in France, and it is said to have been found by a knight named Sir Galahad.

The Holy Grail is a symbol of the Christian faith, and it is said to have been used by Jesus Christ at the Last Supper. The Grail is also said to have been used by Joseph of Arimathea to collect the blood of Jesus Christ after he was crucified. The Grail is said to have been hidden in a cave in France, and it is said to have been found by a knight named Sir Galahad.

The Holy Grail is a symbol of the Christian faith, and it is said to have been used by Jesus Christ at the Last Supper. The Grail is also said to have been used by Joseph of Arimathea to collect the blood of Jesus Christ after he was crucified. The Grail is said to have been hidden in a cave in France, and it is said to have been found by a knight named Sir Galahad.

The Holy Grail is a symbol of the Christian faith,
Model Response:
was on a quest to find the Holy Grail. He had been searching for years, but he had yet to find it. One day, he came across a beautiful castle. He decided to rest there for the night. As he was sleeping, he had a dream. In his dream, he saw a vision of the Holy Grail. It was a beautiful chalice, and it was filled with a golden liquid. The knight woke up and realized that he had found the Holy Grail. He was so happy that he decided to share his discovery with the world. He wrote a book about his journey, and it became a best-seller. The knight lived happily ever after, and he was known as the knight who found the Holy Grail.

The Holy Grail is a symbol of the Christian faith, and it is said to have been used by Jesus Christ at the Last Supper. The Grail is also said to have been used by Joseph of Arimathea to collect the blood of Jesus Christ after he was crucified. The Grail is said to have been hidden in a cave in France, and it is said to have been found by a knight named Sir Galahad.

The Holy Grail is a symbol of the Christian faith, and it is said to have been used by Jesus Christ at the Last Supper. The Grail is also said to have been used by Joseph of Arimathea to collect the blood of Jesus Christ after he was crucified. The Grail is said to have been hidden in a cave in France, and it is said to have been found by a knight named Sir Galahad.

The Holy Grail is a symbol of the Christian faith, and it is said to have been used by Jesus Christ at the Last Supper. The Grail is also said to have been used by Joseph of Arimathea to collect the blood of Jesus Christ after he was crucified. The Grail is said to have been hidden in a cave in France, and it is said to have been found by a knight named Sir Galahad.

The Holy Grail is a symbol of the Christian faith, and it is said to have been used by Jesus Christ at the Last Supper. The Grail is also said to have been used by Joseph of Arimathea to collect the blood of Jesus Christ after he was crucified. The Grail is said to have been hidden in a cave in France, and it is said to have been found by a knight named Sir Galahad.

The Holy Grail is a symbol of the Christian faith,
srun: Job step aborted: Waiting up to 32 seconds for job step to finish.
slurmstepd: error: *** JOB 78303 ON nlpgpu04 CANCELLED AT 2024-10-05T02:52:12 ***
