cpu-bind=MASK - nlpgpu04, task  0  0 [16210]: mask 0x3f0300003f03 set
cpu-bind=MASK - nlpgpu04, task  0  0 [16232]: mask 0x3f0300003f03 set
cpu-bind=MASK - nlpgpu08, task  1  0 [34265]: mask 0xff000000ff set
Loading checkpoint shards:   0%|          | 0/8 [00:00<?, ?it/s]Loading checkpoint shards:  25%|██▌       | 2/8 [00:00<00:00, 12.08it/s]Loading checkpoint shards:  50%|█████     | 4/8 [00:00<00:00, 11.98it/s]Loading checkpoint shards:  75%|███████▌  | 6/8 [00:00<00:00, 11.98it/s]Loading checkpoint shards: 100%|██████████| 8/8 [00:00<00:00, 12.07it/s]Loading checkpoint shards: 100%|██████████| 8/8 [00:00<00:00, 12.04it/s]
Loading checkpoint shards:   0%|          | 0/8 [00:00<?, ?it/s]Loading checkpoint shards:  12%|█▎        | 1/8 [00:00<00:00,  8.98it/s]Loading checkpoint shards:  25%|██▌       | 2/8 [00:00<00:00,  9.12it/s]Loading checkpoint shards:  38%|███▊      | 3/8 [00:00<00:00,  8.98it/s]Loading checkpoint shards:  50%|█████     | 4/8 [00:00<00:00,  8.91it/s]Loading checkpoint shards:  62%|██████▎   | 5/8 [00:00<00:00,  8.88it/s]Loading checkpoint shards:  75%|███████▌  | 6/8 [00:00<00:00,  8.90it/s]Loading checkpoint shards:  88%|████████▊ | 7/8 [00:00<00:00,  8.89it/s]Loading checkpoint shards: 100%|██████████| 8/8 [00:00<00:00,  8.94it/s]Loading checkpoint shards: 100%|██████████| 8/8 [00:00<00:00,  8.93it/s]
The 'max_batch_size' argument of HybridCache is deprecated and will be removed in v4.46. Use the more precisely named 'batch_size' argument instead.
Starting from v4.46, the `logits` model output will have the same type as the model (except at train time, where it will always be FP32)
----------------------- 

prompt 

Once upon a time in a distant land, there was a brave knight who

----------------------- 

response 

was on a quest to find the Holy Grail. He had been searching for years, but he had yet to find it. One day, he came across a beautiful castle. He decided to rest there for the night. As he was sleeping, he had a dream. In his dream, he saw a vision of the Holy Grail. It was a beautiful chalice, and it was filled with a golden liquid. The knight woke up and realized that he had found the Holy Grail. He was so happy that he decided to share his discovery with the world. He wrote a book about his journey, and it became a best-seller. The knight lived happily ever after, and he was known as the knight who found the Holy Grail.

The Holy Grail is a symbol of the Christian faith, and it is said to have been used by Jesus Christ at the Last Supper. The Grail is also said to have been used by Joseph of Arimathea to collect the blood of Jesus Christ after he
Model Response:
was on a quest to find the Holy Grail. He had been searching for years, but he had yet to find it. One day, he came across a beautiful castle. He decided to rest there for the night. As he was sleeping, he had a dream. In his dream, he saw a vision of the Holy Grail. It was a beautiful chalice, and it was filled with a golden liquid. The knight woke up and realized that he had found the Holy Grail. He was so happy that he decided to share his discovery with the world. He wrote a book about his journey, and it became a best-seller. The knight lived happily ever after, and he was known as the knight who found the Holy Grail.

The Holy Grail is a symbol of the Christian faith, and it is said to have been used by Jesus Christ at the Last Supper. The Grail is also said to have been used by Joseph of Arimathea to collect the blood of Jesus Christ after he
The 'max_batch_size' argument of HybridCache is deprecated and will be removed in v4.46. Use the more precisely named 'batch_size' argument instead.
Starting from v4.46, the `logits` model output will have the same type as the model (except at train time, where it will always be FP32)
----------------------- 

prompt 

Once upon a time in a distant land, there was a brave knight who

----------------------- 

response 

was on a quest to find the Holy Grail. He had been searching for years, but he had yet to find it. One day, he came across a beautiful castle. He decided to rest there for the night. As he was sleeping, he had a dream. In his dream, he saw a vision of the Holy Grail. It was a beautiful chalice, and it was filled with a golden liquid. The knight woke up and realized that he had found the Holy Grail. He was so happy that he decided to share his discovery with the world. He wrote a book about his journey, and it became a best-seller. The knight lived happily ever after, and he was known as the knight who found the Holy Grail.

The Holy Grail is a symbol of the Christian faith, and it is said to have been used by Jesus Christ at the Last Supper. The Grail is also said to have been used by Joseph of Arimathea to collect the blood of Jesus Christ after he
Model Response:
was on a quest to find the Holy Grail. He had been searching for years, but he had yet to find it. One day, he came across a beautiful castle. He decided to rest there for the night. As he was sleeping, he had a dream. In his dream, he saw a vision of the Holy Grail. It was a beautiful chalice, and it was filled with a golden liquid. The knight woke up and realized that he had found the Holy Grail. He was so happy that he decided to share his discovery with the world. He wrote a book about his journey, and it became a best-seller. The knight lived happily ever after, and he was known as the knight who found the Holy Grail.

The Holy Grail is a symbol of the Christian faith, and it is said to have been used by Jesus Christ at the Last Supper. The Grail is also said to have been used by Joseph of Arimathea to collect the blood of Jesus Christ after he
