cpu-bind=MASK - nlpgpu04, task  0  0 [55599]: mask 0x3f0300003f03 set
cpu-bind=MASK - nlpgpu04, task  0  0 [55628]: mask 0x3f0300003f03 set
cpu-bind=MASK - nlpgpu05, task  1  0 [38522]: mask 0xff000000ff set
Loading checkpoint shards:   0%|          | 0/8 [00:00<?, ?it/s]Loading checkpoint shards:  25%|██▌       | 2/8 [00:00<00:00, 11.85it/s]Loading checkpoint shards:  50%|█████     | 4/8 [00:00<00:00, 11.51it/s]Loading checkpoint shards:  75%|███████▌  | 6/8 [00:00<00:00, 11.63it/s]Loading checkpoint shards: 100%|██████████| 8/8 [00:00<00:00, 11.67it/s]Loading checkpoint shards: 100%|██████████| 8/8 [00:00<00:00, 11.65it/s]
/home1/a/adilsha/miniconda3/lib/python3.12/site-packages/transformers/generation/configuration_utils.py:601: UserWarning: `do_sample` is set to `False`. However, `temperature` is set to `0.8` -- this flag is only used in sample-based generation modes. You should set `do_sample=True` or unset `temperature`.
  warnings.warn(
/home1/a/adilsha/miniconda3/lib/python3.12/site-packages/transformers/generation/configuration_utils.py:606: UserWarning: `do_sample` is set to `False`. However, `top_p` is set to `0.9` -- this flag is only used in sample-based generation modes. You should set `do_sample=True` or unset `top_p`.
  warnings.warn(
The 'max_batch_size' argument of HybridCache is deprecated and will be removed in v4.46. Use the more precisely named 'batch_size' argument instead.
Starting from v4.46, the `logits` model output will have the same type as the model (except at train time, where it will always be FP32)
Loading checkpoint shards:   0%|          | 0/8 [00:00<?, ?it/s]Loading checkpoint shards:  12%|█▎        | 1/8 [00:00<00:01,  4.36it/s]Loading checkpoint shards:  25%|██▌       | 2/8 [00:00<00:02,  2.64it/s]Loading checkpoint shards:  38%|███▊      | 3/8 [00:01<00:02,  2.30it/s]Loading checkpoint shards:  50%|█████     | 4/8 [00:01<00:01,  2.15it/s]Loading checkpoint shards:  62%|██████▎   | 5/8 [00:02<00:01,  2.14it/s]Loading checkpoint shards:  75%|███████▌  | 6/8 [00:02<00:00,  2.13it/s]Loading checkpoint shards:  88%|████████▊ | 7/8 [00:03<00:00,  2.13it/s]Loading checkpoint shards: 100%|██████████| 8/8 [00:03<00:00,  2.44it/s]Loading checkpoint shards: 100%|██████████| 8/8 [00:03<00:00,  2.34it/s]
----------------------- 

prompt 

Once upon a time in a distant land, there was a brave knight who

----------------------- 

response 

was on a quest to find the Holy Grail. He had been searching for years, but he had yet to find it. One day, he came across a beautiful castle. He decided to rest there for the night. As he was sleeping, he had a dream. In his dream, he saw a vision of the Holy Grail. It was a beautiful chalice, and it was filled with a golden liquid. The knight woke up and realized that he had found the Holy Grail. He was so happy that he decided to share his discovery with the world. He wrote a book about his journey, and it became a best-seller. The knight lived happily ever after, and he was known as the knight who found the Holy Grail.

The Holy Grail is a symbol of the Christian faith, and it is said to have been used by Jesus Christ at the Last Supper. The Grail is also said to have been used by Joseph of Arimathea to collect the blood of Jesus Christ after he
Model Response:
was on a quest to find the Holy Grail. He had been searching for years, but he had yet to find it. One day, he came across a beautiful castle. He decided to rest there for the night. As he was sleeping, he had a dream. In his dream, he saw a vision of the Holy Grail. It was a beautiful chalice, and it was filled with a golden liquid. The knight woke up and realized that he had found the Holy Grail. He was so happy that he decided to share his discovery with the world. He wrote a book about his journey, and it became a best-seller. The knight lived happily ever after, and he was known as the knight who found the Holy Grail.

The Holy Grail is a symbol of the Christian faith, and it is said to have been used by Jesus Christ at the Last Supper. The Grail is also said to have been used by Joseph of Arimathea to collect the blood of Jesus Christ after he
srun: Job step aborted: Waiting up to 32 seconds for job step to finish.
slurmstepd: error: *** JOB 78310 ON nlpgpu04 CANCELLED AT 2024-10-05T03:08:45 ***
