cpu-bind=MASK - nlpgpu04, task  0  0 [61554]: mask 0x3f0300003f03 set
cpu-bind=MASK - nlpgpu04, task  0  0 [61573]: mask 0x3f0300003f03 set
cpu-bind=MASK - nlpgpu06, task  1  0 [43517]: mask 0xff000000ff set
Loading checkpoint shards:   0%|          | 0/8 [00:00<?, ?it/s]Loading checkpoint shards:  25%|██▌       | 2/8 [00:00<00:00, 11.84it/s]Loading checkpoint shards:  50%|█████     | 4/8 [00:00<00:00, 11.77it/s]Loading checkpoint shards:  75%|███████▌  | 6/8 [00:00<00:00, 11.62it/s]Loading checkpoint shards: 100%|██████████| 8/8 [00:00<00:00, 11.76it/s]Loading checkpoint shards: 100%|██████████| 8/8 [00:00<00:00, 11.74it/s]
The 'max_batch_size' argument of HybridCache is deprecated and will be removed in v4.46. Use the more precisely named 'batch_size' argument instead.
Starting from v4.46, the `logits` model output will have the same type as the model (except at train time, where it will always be FP32)
Loading checkpoint shards:   0%|          | 0/8 [00:00<?, ?it/s]Loading checkpoint shards:  12%|█▎        | 1/8 [00:00<00:01,  4.45it/s]Loading checkpoint shards:  25%|██▌       | 2/8 [00:00<00:02,  2.71it/s]Loading checkpoint shards:  38%|███▊      | 3/8 [00:01<00:02,  2.38it/s]Loading checkpoint shards:  50%|█████     | 4/8 [00:01<00:01,  2.20it/s]Loading checkpoint shards:  62%|██████▎   | 5/8 [00:02<00:01,  2.18it/s]Loading checkpoint shards:  75%|███████▌  | 6/8 [00:02<00:00,  2.02it/s]Loading checkpoint shards:  88%|████████▊ | 7/8 [00:03<00:00,  1.98it/s]Loading checkpoint shards: 100%|██████████| 8/8 [00:03<00:00,  2.32it/s]Loading checkpoint shards: 100%|██████████| 8/8 [00:03<00:00,  2.28it/s]
----------------------- 

prompt 

Once upon a time in a distant land, there was a brave knight who

----------------------- 

response 

went on a quest to find the Holy Grail. As he rode his steed through the countryside, he came upon a small village that was being attacked by a band of marauders.

Without hesitation, the knight drew his sword and charged into battle, fighting valiantly to protect the villagers. After a long and arduous battle, the knight emerged victorious, having saved the village from destruction.

As a reward for his bravery and heroism, the villagers bestowed upon him a gift of great value—a golden chalice. The knight was overjoyed and accepted the chalice with great reverence. He knew that it was a sacred object, and he vowed to protect it with his life.

The knight continued on his quest, carrying the golden chalice with him wherever he went. He faced many trials and tribulations along the way, but he never wavered in his determination to find the Holy Grail.

Finally, after many years of searching, the knight arrived at the castle where the Holy Grail was
Model Response:
went on a quest to find the Holy Grail. As he rode his steed through the countryside, he came upon a small village that was being attacked by a band of marauders.

Without hesitation, the knight drew his sword and charged into battle, fighting valiantly to protect the villagers. After a long and arduous battle, the knight emerged victorious, having saved the village from destruction.

As a reward for his bravery and heroism, the villagers bestowed upon him a gift of great value—a golden chalice. The knight was overjoyed and accepted the chalice with great reverence. He knew that it was a sacred object, and he vowed to protect it with his life.

The knight continued on his quest, carrying the golden chalice with him wherever he went. He faced many trials and tribulations along the way, but he never wavered in his determination to find the Holy Grail.

Finally, after many years of searching, the knight arrived at the castle where the Holy Grail was
srun: Job step aborted: Waiting up to 32 seconds for job step to finish.
slurmstepd: error: *** JOB 78311 ON nlpgpu04 CANCELLED AT 2024-10-05T03:10:17 ***
