cpu-bind=MASK - nlpgpu04, task  0  0 [3238]: mask 0x3f0300003f03 set
cpu-bind=MASK - nlpgpu04, task  0  0 [3268]: mask 0x3f0300003f03 set
cpu-bind=MASK - nlpgpu05, task  1  0 [38747]: mask 0xff000000ff set
Loading checkpoint shards:   0%|          | 0/8 [00:00<?, ?it/s]Loading checkpoint shards:  25%|██▌       | 2/8 [00:00<00:00, 11.71it/s]Loading checkpoint shards:  50%|█████     | 4/8 [00:00<00:00, 11.60it/s]Loading checkpoint shards:  75%|███████▌  | 6/8 [00:00<00:00, 11.58it/s]Loading checkpoint shards: 100%|██████████| 8/8 [00:00<00:00, 11.65it/s]Loading checkpoint shards: 100%|██████████| 8/8 [00:00<00:00, 11.63it/s]
Loading checkpoint shards:   0%|          | 0/8 [00:00<?, ?it/s]Loading checkpoint shards:  12%|█▎        | 1/8 [00:00<00:00,  8.48it/s]Loading checkpoint shards:  25%|██▌       | 2/8 [00:00<00:00,  8.69it/s]Loading checkpoint shards:  38%|███▊      | 3/8 [00:00<00:00,  8.76it/s]Loading checkpoint shards:  50%|█████     | 4/8 [00:00<00:00,  8.80it/s]Loading checkpoint shards:  62%|██████▎   | 5/8 [00:00<00:00,  8.81it/s]Loading checkpoint shards:  75%|███████▌  | 6/8 [00:00<00:00,  8.85it/s]Loading checkpoint shards:  88%|████████▊ | 7/8 [00:00<00:00,  8.85it/s]Loading checkpoint shards: 100%|██████████| 8/8 [00:00<00:00,  8.99it/s]Loading checkpoint shards: 100%|██████████| 8/8 [00:00<00:00,  8.86it/s]
The 'max_batch_size' argument of HybridCache is deprecated and will be removed in v4.46. Use the more precisely named 'batch_size' argument instead.
Starting from v4.46, the `logits` model output will have the same type as the model (except at train time, where it will always be FP32)
----------------------- 

prompt 

Once upon a time in a distant land, there was a brave knight who

----------------------- 

response 

set out on a quest to find the Holy Grail.

This is a true story, and not a fable.

The quest began in 1972 when John W. Smith and his wife, Mary, set out to find a church that was a living embodiment of the Catholic faith.

They visited numerous churches throughout the area, but they could not find the Holy Grail of churches.

They had come close in the past, but something was always missing.

After visiting St. Paul’s, they knew they had found what they were looking for.

“This is the place for us,” said John, who, with Mary, joined the church in 1973.

For 25 years, the Smiths were part of a community that was always open to new ideas and was growing in membership.

“We had a beautiful, active parish. We had a lot of great priests and a lot of great people,” John said. “I was a
srun: Job step aborted: Waiting up to 32 seconds for job step to finish.
slurmstepd: error: *** JOB 78312 ON nlpgpu04 CANCELLED AT 2024-10-05T03:12:41 ***
