cpu-bind=MASK - nlpgpu06, task  0  0 [46862]: mask 0xff000000ff set
cpu-bind=MASK - nlpgpu06, task  0  0 [46890]: mask 0xff000000ff set
Loading checkpoint shards:   0%|          | 0/2 [00:00<?, ?it/s]Loading checkpoint shards:  50%|█████     | 1/2 [00:00<00:00,  1.18it/s]Loading checkpoint shards: 100%|██████████| 2/2 [00:00<00:00,  2.40it/s]Loading checkpoint shards: 100%|██████████| 2/2 [00:00<00:00,  2.08it/s]
The 'max_batch_size' argument of HybridCache is deprecated and will be removed in v4.46. Use the more precisely named 'batch_size' argument instead.
Starting from v4.46, the `logits` model output will have the same type as the model (except at train time, where it will always be FP32)
----------------------------------------------
Traceback (most recent call last):
  File "/mnt/nlpgridio3/data/aceAttorney/source/test.py", line 53, in <module>
    asyncio.run(test_run_model())
  File "/home1/a/adilsha/miniconda3/lib/python3.12/asyncio/runners.py", line 194, in run
    return runner.run(main)
           ^^^^^^^^^^^^^^^^
  File "/home1/a/adilsha/miniconda3/lib/python3.12/asyncio/runners.py", line 118, in run
    return self._loop.run_until_complete(task)
           ^^^^^^^^^^^^^^^^^^^^^^^^^^^^^^^^^^^
  File "/home1/a/adilsha/miniconda3/lib/python3.12/asyncio/base_events.py", line 687, in run_until_complete
    return future.result()
           ^^^^^^^^^^^^^^^
  File "/mnt/nlpgridio3/data/aceAttorney/source/test.py", line 46, in test_run_model
    print(prompt)
          ^^^^^^
NameError: name 'prompt' is not defined
srun: error: nlpgpu06: task 0: Exited with exit code 1
