cpu-bind=MASK - nlpgpu06, task  0  0 [47038]: mask 0xff000000ff set
cpu-bind=MASK - nlpgpu06, task  0  0 [47052]: mask 0xff000000ff set
Loading checkpoint shards:   0%|          | 0/2 [00:00<?, ?it/s]Loading checkpoint shards:  50%|█████     | 1/2 [00:00<00:00,  1.18it/s]Loading checkpoint shards: 100%|██████████| 2/2 [00:00<00:00,  2.39it/s]Loading checkpoint shards: 100%|██████████| 2/2 [00:00<00:00,  2.07it/s]
The 'max_batch_size' argument of HybridCache is deprecated and will be removed in v4.46. Use the more precisely named 'batch_size' argument instead.
Starting from v4.46, the `logits` model output will have the same type as the model (except at train time, where it will always be FP32)
----------------------------------------------
Below are the witness' testimonies:
0: After securing the suspect, I examined the scene of the crime with my own eyes.
1: I found a memo written on a piece of paper next to the victim's body!
2: On it, the word "Maya" was written clearly in blood!
3: Lab test results showed that the blood was the victim's!
4: Also, there was blood found on the victim's finger!
5: Before she died, the victim wrote the killer's name!
Below are the evidences you have:
0: {'currentChapter': 'Turnabout Sisters', 'name': "Attorney's Badge", 'type': 'Other', 'obtained': 'One of my possessions.', 'description1': "No one would believe I was a defense attorney if I didn't carry this."}
1: {'currentChapter': 'Turnabout Sisters', 'name': 'The Thinker', 'type': 'Weapons', 'obtained': 'Retrieved at Fey Law Office.', 'description1': "The murder weapon. Looks like a statue, but it's actually a clock. Made by Larry Butz.", 'description2': "Clock in the form of a statue. The clock's gears have been removed. Made by Larry Butz."}
2: {'currentChapter': 'Turnabout Sisters', 'name': 'Glass Shards', 'type': 'Evidence', 'obtained': 'Retrieved at Fey Law Office.', 'description1': 'The broken remains of a glass light stand. Broken beyond all recognition.'}
3: {'currentChapter': 'Turnabout Sisters', 'name': 'Receipt', 'type': 'Evidence', 'obtained': 'Retrieved at Fey Law Office.', 'description1': 'A department store receipt with letters written in blood on the back.', 'description2': 'Receipt for a glass light stand. The date of purchase is the day before the murder.'}
4: {'currentChapter': 'Turnabout Sisters', 'name': "Maya's Memo", 'type': 'Documents', 'obtained': 'Received from Maya Fey.', 'description1': '"A conversation I had with my sister is recorded on my cell phone."'}
5: {'currentChapter': 'Turnabout Sisters', 'name': "Mia's Autopsy Report", 'type': 'Reports', 'obtained': 'Received from Detective Dick Gumshoe.', 'description1': 'Time of death: 9/5 at 9:00PM. Cause: single blunt force trauma. Death was instantaneous.', 'description2': 'Died from a blow by a blunt object. May have lived for a few minutes after being hit.'}
6: {'currentChapter': 'Turnabout Sisters', 'name': "Maya's Cell Phone", 'type': 'Other', 'obtained': 'Received from Detective Dick Gumshoe.', 'description1': 'Holds a conversation between the Chief and Maya. Click here for details.'}
7: {'currentChapter': 'Turnabout Sisters', 'name': 'Wiretap', 'type': 'Evidence', 'obtained': 'Retrieved at Gatewater Hotel.', 'description1': "Found in Miss May's hotel room."}
8: {'currentChapter': 'Turnabout Sisters', 'name': 'Floor Plans', 'type': 'Maps', 'obtained': 'Submitted as evidence during the trial.', 'description1': 'The murder scene, the Fey & Co. Law Offices. Click here for details.'}
9: {'currentChapter': 'Turnabout Sisters', 'name': 'May Testimony', 'type': 'Documents', 'obtained': 'Received from Miss April May.', 'description1': '"The victim dodged an attack then ran to the right, but she was caught and struck."'}
10: {'currentChapter': 'Turnabout Sisters', 'name': 'Photograph', 'type': 'Photographs', 'obtained': 'Retrieved at Grossberg Law Offices.', 'description1': 'On the back the words "DL-6 Incident - Exhibit A" are written in pencil.'}
11: {'currentChapter': 'Turnabout Sisters', 'name': 'Photograph', 'type': 'Photographs', 'obtained': 'Retrieved at Grossberg Law Offices.', 'description1': 'On the back the words "DL-6 Incident - Exhibit B" are written in pencil.'}
12: {'currentChapter': 'Turnabout Sisters', 'name': "Bellboy's Affidavit", 'type': 'Documents', 'obtained': 'Received from the bellboy.', 'description1': 'Describes the man who stayed with Miss May in the hotel on the night of the murder.'}
13: {'currentChapter': 'Turnabout Sisters', 'name': 'Newspaper Clipping', 'type': 'Other', 'obtained': 'Retrieved at Fey Law Office.', 'description1': 'Article about politician's suicide. The word "White" is written in pen at the top.'}
14: {'currentChapter': 'Turnabout Sisters', 'name': "Mia's Memo", 'type': 'Documents', 'obtained': 'Received from Mia Fey.', 'description1': "A list of people's names in Mia's handwriting."}
Below are the people relevant in this case:
0: {'currentChapter': 'Turnabout Sisters', 'name': 'Mia Fey', 'age': '27', 'gender': 'Female', 'description1': 'Chief Attorney at Fey & Co.. My boss, and a very good defense attorney.', 'description2': 'The victim. Chief attorney at Fey & Co. Law Offices, and an excellent defense lawyer.'}
1: {'currentChapter': 'Turnabout Sisters', 'name': 'Maya Fey', 'age': '17', 'gender': 'Female', 'description1': "Mia's little sister. Found bent over her sister's body, crying.", 'description2': "The defendant. Mia's little sister, and a spirit medium in training.", 'description3': "Mia's little sister. Currently training to become a spirit medium."}
2: {'currentChapter': 'Turnabout Sisters', 'name': 'Dick Gumshoe', 'age': '30', 'gender': 'Male', 'description1': 'Detective at the local precinct. In charge of the initial investigation.'}
3: {'currentChapter': 'Turnabout Sisters', 'name': 'Miles Edgeworth', 'age': '24', 'gender': 'Male', 'description1': 'A gifted prosecutor, and a ruthless man who'd do anything to get a "guilty" verdict.'}
4: {'currentChapter': 'Turnabout Sisters', 'name': 'April May', 'age': '23', 'gender': 'Female', 'description1': 'An eye witness to the events. Testifies that she saw Maya commit the murder.', 'description2': "Stayed with someone else in the hotel on the night of the murder. Tapped Mia's phone."}
5: {'currentChapter': 'Turnabout Sisters', 'name': 'Marvin Grossberg', 'age': '64', 'gender': 'Male', 'description1': "A veteran defense attorney, and Mia's mentor."}
6: {'currentChapter': 'Turnabout Sisters', 'name': 'Bellboy', 'age': '26', 'gender': 'Male', 'description1': 'Bellboy at the Gatewater Hotel.', 'description2': 'Delivered room service to Miss May at the time of the murder. Also checked her in.'}
7: {'currentChapter': 'Turnabout Sisters', 'name': 'Redd White', 'age': '39', 'gender': 'Male', 'description1': 'An eye witness. CEO of the information gathering company, Bluecorp.'}
You may now present evidence that is helpful in finding a contradiction in the testimony. To present evidence, answer the question with a JSON object in the format of {"action": "present", "testimony": <number of the testimony>, "evidence": <number of the evidence>}, for example {"action": "present", "testimony": 5, "evidence": 2}
Your response should contain only the JSON object, no other text, no markdown formatting, and no explanations.
Your response should be in this sample format and strictly not diverge from it. {"action": "present", "testimony": 5, "evidence": 2} 
==============================================
Below are the witness' testimonies:
0: After securing the suspect, I examined the scene of the crime with my own eyes.
1: I found a memo written on a piece of paper next to the victim's body!
2: On it, the word "Maya" was written clearly in blood!
3: Lab test results showed that the blood was the victim's!
4: Also, there was blood found on the victim's finger!
5: Before she died, the victim wrote the killer's name!
Below are the evidences you have:
0: {'currentChapter': 'Turnabout Sisters', 'name': "Attorney's Badge", 'type': 'Other', 'obtained': 'One of my possessions.', 'description1': "No one would believe I was a defense attorney if I didn't carry this."}
1: {'currentChapter': 'Turnabout Sisters', 'name': 'The Thinker', 'type': 'Weapons', 'obtained': 'Retrieved at Fey Law Office.', 'description1': "The murder weapon. Looks like a statue, but it's actually a clock. Made by Larry Butz.", 'description2': "Clock in the form of a statue. The clock's gears have been removed. Made by Larry Butz."}
2: {'currentChapter': 'Turnabout Sisters', 'name': 'Glass Shards', 'type': 'Evidence', 'obtained': 'Retrieved at Fey Law Office.', 'description1': 'The broken remains of a glass light stand. Broken beyond all recognition.'}
3: {'currentChapter': 'Turnabout Sisters', 'name': 'Receipt', 'type': 'Evidence', 'obtained': 'Retrieved at Fey Law Office.', 'description1': 'A department store receipt with letters written in blood on the back.', 'description2': 'Receipt for a glass light stand. The date of purchase is the day before the murder.'}
4: {'currentChapter': 'Turnabout Sisters', 'name': "Maya's Memo", 'type': 'Documents', 'obtained': 'Received from Maya Fey.', 'description1': '"A conversation I had with my sister is recorded on my cell phone."'}
5: {'currentChapter': 'Turnabout Sisters', 'name': "Mia's Autopsy Report", 'type': 'Reports', 'obtained': 'Received from Detective Dick Gumshoe.', 'description1': 'Time of death: 9/5 at 9:00PM. Cause: single blunt force trauma. Death was instantaneous.', 'description2': 'Died from a blow by a blunt object. May have lived for a few minutes after being hit.'}
6: {'currentChapter': 'Turnabout Sisters', 'name': "Maya's Cell Phone", 'type': 'Other', 'obtained': 'Received from Detective Dick Gumshoe.', 'description1': 'Holds a conversation between the Chief and Maya. Click here for details.'}
7: {'currentChapter': 'Turnabout Sisters', 'name': 'Wiretap', 'type': 'Evidence', 'obtained': 'Retrieved at Gatewater Hotel.', 'description1': "Found in Miss May's hotel room."}
8: {'currentChapter': 'Turnabout Sisters', 'name': 'Floor Plans', 'type': 'Maps', 'obtained': 'Submitted as evidence during the trial.', 'description1': 'The murder scene, the Fey & Co. Law Offices. Click here for details.'}
9: {'currentChapter': 'Turnabout Sisters', 'name': 'May Testimony', 'type': 'Documents', 'obtained': 'Received from Miss April May.', 'description1': '"The victim dodged an attack then ran to the right, but she was caught and struck."'}
10: {'currentChapter': 'Turnabout Sisters', 'name': 'Photograph', 'type': 'Photographs', 'obtained': 'Retrieved at Grossberg Law Offices.', 'description1': 'On the back the words "DL-6 Incident - Exhibit A" are written in pencil.'}
11: {'currentChapter': 'Turnabout Sisters', 'name': 'Photograph', 'type': 'Photographs', 'obtained': 'Retrieved at Grossberg Law Offices.', 'description1': 'On the back the words "DL-6 Incident - Exhibit B" are written in pencil.'}
12: {'currentChapter': 'Turnabout Sisters', 'name': "Bellboy's Affidavit", 'type': 'Documents', 'obtained': 'Received from the bellboy.', 'description1': 'Describes the man who stayed with Miss May in the hotel on the night of the murder.'}
13: {'currentChapter': 'Turnabout Sisters', 'name': 'Newspaper Clipping', 'type': 'Other', 'obtained': 'Retrieved at Fey Law Office.', 'description1': 'Article about politician's suicide. The word "White" is written in pen at the top.'}
14: {'currentChapter': 'Turnabout Sisters', 'name': "Mia's Memo", 'type': 'Documents', 'obtained': 'Received from Mia Fey.', 'description1': "A list of people's names in Mia's handwriting."}
Below are the people relevant in this case:
0: {'currentChapter': 'Turnabout Sisters', 'name': 'Mia Fey', 'age': '27', 'gender': 'Female', 'description1': 'Chief Attorney at Fey & Co.. My boss, and a very good defense attorney.', 'description2': 'The victim. Chief attorney at Fey & Co. Law Offices, and an excellent defense lawyer.'}
1: {'currentChapter': 'Turnabout Sisters', 'name': 'Maya Fey', 'age': '17', 'gender': 'Female', 'description1': "Mia's little sister. Found bent over her sister's body, crying.", 'description2': "The defendant. Mia's little sister, and a spirit medium in training.", 'description3': "Mia's little sister. Currently training to become a spirit medium."}
2: {'currentChapter': 'Turnabout Sisters', 'name': 'Dick Gumshoe', 'age': '30', 'gender': 'Male', 'description1': 'Detective at the local precinct. In charge of the initial investigation.'}
3: {'currentChapter': 'Turnabout Sisters', 'name': 'Miles Edgeworth', 'age': '24', 'gender': 'Male', 'description1': 'A gifted prosecutor, and a ruthless man who'd do anything to get a "guilty" verdict.'}
4: {'currentChapter': 'Turnabout Sisters', 'name': 'April May', 'age': '23', 'gender': 'Female', 'description1': 'An eye witness to the events. Testifies that she saw Maya commit the murder.', 'description2': "Stayed with someone else in the hotel on the night of the murder. Tapped Mia's phone."}
5: {'currentChapter': 'Turnabout Sisters', 'name': 'Marvin Grossberg', 'age': '64', 'gender': 'Male', 'description1': "A veteran defense attorney, and Mia's mentor."}
6: {'currentChapter': 'Turnabout Sisters', 'name': 'Bellboy', 'age': '26', 'gender': 'Male', 'description1': 'Bellboy at the Gatewater Hotel.', 'description2': 'Delivered room service to Miss May at the time of the murder. Also checked her in.'}
7: {'currentChapter': 'Turnabout Sisters', 'name': 'Redd White', 'age': '39', 'gender': 'Male', 'description1': 'An eye witness. CEO of the information gathering company, Bluecorp.'}
You may now present evidence that is helpful in finding a contradiction in the testimony. To present evidence, answer the question with a JSON object in the format of {"action": "present", "testimony": <number of the testimony>, "evidence": <number of the evidence>}, for example {"action": "present", "testimony": 5, "evidence": 2}
Your response should contain only the JSON object, no other text, no markdown formatting, and no explanations.
Your response should be in this sample format and strictly not diverge from it. {"action": "present", "testimony": 5, "evidence": 2} 



