cpu-bind=MASK - nlpgpu04, task  0  0 [46179]: mask 0xff000000ff set
cpu-bind=MASK - nlpgpu04, task  0  0 [46193]: mask 0xff000000ff set
Special tokens have been added in the vocabulary, make sure the associated word embeddings are fine-tuned or trained.
Special tokens have been added in the vocabulary, make sure the associated word embeddings are fine-tuned or trained.
Loading checkpoint shards:   0%|          | 0/4 [00:00<?, ?it/s]Loading checkpoint shards:  25%|██▌       | 1/4 [00:01<00:03,  1.19s/it]Loading checkpoint shards:  50%|█████     | 2/4 [00:02<00:02,  1.20s/it]Loading checkpoint shards:  75%|███████▌  | 3/4 [00:03<00:01,  1.19s/it]Loading checkpoint shards: 100%|██████████| 4/4 [00:03<00:00,  1.19it/s]Loading checkpoint shards: 100%|██████████| 4/4 [00:03<00:00,  1.03it/s]
Asking to truncate to max_length but no maximum length is provided and the model has no predefined maximum length. Default to no truncation.
/home1/m/manvik/miniconda3/lib/python3.12/site-packages/transformers/generation/utils.py:1797: UserWarning: You are calling .generate() with the `input_ids` being on a device type different than your model's device. `input_ids` is on cpu, whereas the model is on cuda. You may experience unexpected behaviors or slower generation. Please make sure that you have put `input_ids` to the correct device by calling for example input_ids = input_ids.to('cuda') before running `.generate()`.
  warnings.warn(
How many connections does each stop on the Yamanote Line have? [closed]
I'm curious how many connections each stop on the Yamanote Line has, and how they compare to the other lines. I know there's a list somewhere that shows how many stops each line has, but I'm interested in the connections.
For example, the Yamanote Line has 29 stops, but it's not clear to me how many connections there are. It seems like Shinjuku has the most connections, but how many does it have, and how does it compare to other lines?
I know this is a bit of a subjective question, but I'm interested in the connections. I'm not interested in the number of stops, as that's easy to look up. I'm interested in how many connections there are, and how they compare to other lines.
closed as off-topic by Willeke, Tor-Einar Jarnbjo, Michael, Kate Gregory, hims056 Dec 20 '17 at 14:03
"Questions on travel advice are off-topic. For travel advice, you may be better suited asking in Worldbuilding." – Willeke, Tor-Einar Jarnbjo, Michael, Kate Gregory, hims056
This question is not about travel and is off-topic here. It should be asked on Worldbuilding.SE instead. –  hims056 Dec 20 '17 at 14:03
I'm voting to close this question as off-topic because it's not about travel. –  Willeke Dec 20 '17 at 15:41
There are a few ways to answer this question, but the simplest is to look at the number of routes that serve each station.
The Yamanote Line has 29 stations. If you look at the map, you can see that the Yamanote Line runs in a circle around the central part of Tokyo. It doesn't really go anywhere, so it doesn't connect to other lines.
The number of routes that serve each station on the Yamanote Line is:
Shinjuku 12 (Yamanote Line, Chuo Line, Odakyu Line, Keio Line, Toei Oedo Line, Marunouchi Line, Chiyoda Line, Toei Shinjuku Line, Toei Shinjuku Line, Toei Shinjuku Line, Toei Shinjuku Line, Toei Shinjuku Line)
Shibuya 12 (Yamanote Line, Ginza Line, Hanzomon Line, Fukutoshin Line, Toei Oedo Line, Denentoshi Line, Hibiya Line, Keio Inokashira Line, Tokyu Toyoko Line, Tokyu Toyoko Line, Tokyu Toyoko Line, Tokyu Toyoko Line)
Shinagawa 8 (Yamanote Line, Keihin Tohoku Line, Tokaido Line, Keikyu Line, Toei Asakusa Line, Toei Oedo Line, Tokyu Meguro Line, Tokyu Meguro Line)
Tokyo 7 (Yamanote Line, Keihin Tohoku Line, Tokaido Line, Keikyu Line, Toei Asakusa Line, Toei Oedo Line, Toei Oedo Line)
Shinbashi 7 (Yamanote Line, Keihin Tohoku Line, Tokaido Line, Keikyu Line, Toei Asakusa Line, Toei Oedo Line, Toei Oedo Line)
Ikebukuro 6 (Yamanote Line, Seibu Ikebukuro Line, Tobu Tojo Line, Fukutoshin Line, Toei Oedo Line, Marunouchi Line)
Shin Okubo 6 (Yamanote Line, Seibu Shinjuku Line, Fukutoshin Line, Toei Oedo Line, Marunouchi Line, Toei Shinjuku Line)
Yoyogi 5 (Yamanote Line, Fukutoshin Line, Toei Oedo Line, Marunouchi Line, Toei Shinjuku Line)
Shinjuku-gyoemmae 5 (Yamanote Line, Fukutoshin Line, Toei Oedo Line, Marunouchi Line, Toei Shinjuku Line)
Shin-Okubo 5 (Yamanote Line, Fukutoshin Line, Toei Oedo Line, Marunouchi Line, Toei Shinjuku Line)
Shin-Okubo 5 (Yamanote Line, Fukutoshin Line, Toei Oedo Line, Marunouchi Line, Toei Shinjuku Line)
Shin-Okubo 5 (Yamanote Line, Fukutoshin Line, Toei Oedo Line, Marunouchi Line, Toei Shinjuku Line)
Shin-Okubo 5 (Yamanote Line, Fukutoshin Line, Toei Oedo Line, Marunouchi Line, Toei Shinjuku Line)
Shin-Okubo 5 (Yamanote Line, Fukutoshin Line, Toei Oedo Line, Marunouchi Line, Toei Shinjuku Line)
Shin-Okubo 5 (Yamanote Line, Fukutoshin Line, Toei Oedo Line, Marunouchi Line, Toei Shinjuku Line)
Shin-Okubo 5 (Yamanote Line, Fukutoshin Line, Toei Oedo Line, Marunouchi Line, Toei Shinjuku Line)
Shin-Okubo 5 (Yamanote Line, Fukutoshin Line, Toei Oedo Line, Marunouchi Line, Toei Shinjuku Line)
Shin-Okubo 5 (Yamanote Line, Fukutoshin Line, Toei Oedo Line, Marunouchi Line, Toei Shinjuku Line)
Shin-Okubo 5 (Yamanote Line, Fukutoshin Line, Toei Oedo Line, Marunouchi Line, Toei Shinjuku Line)
Shin-Okubo 5 (Yamanote Line, Fukutoshin Line, Toei Oedo Line, Marunouchi Line, Toei Shinjuku Line)
Shin-Okubo 5 (Yamanote Line, Fukutoshin Line, Toei Oedo Line, Marunouchi Line, Toei Shinjuku Line)
Shin-Okubo 5 (Yamanote Line, Fukutoshin Line, Toei Oedo Line, Marunouchi Line, Toei Shinjuku Line)
Shin-Okubo 5 (Yamanote Line, Fukutoshin Line, Toei Oedo Line, Marunouchi Line, Toei Shinjuku Line)
Shin-Okubo 5 (Yamanote Line, Fukutoshin Line, Toei Oedo Line, Marunouchi Line, Toei Shinjuku Line)
Shin-Okubo 5 (Yamanote Line, Fukutoshin Line, Toei Oedo Line, Marunouchi Line, Toei Shinjuku Line)
Shin-Okubo 5 (Yamanote Line, Fukutoshin Line, Toei Oedo Line, Marunouchi Line, Toei Shinjuku Line)
Shin-Okubo 5 (Yamanote Line, Fukutoshin Line, Toei Oedo Line, Marunouchi Line, Toei Shinjuku Line)
Shin-Okubo 5 (Yamanote Line, Fukutoshin Line, Toei Oedo Line, Marunouchi Line, Toei Shinjuku Line)
Shin-Okubo 5 (Yamanote Line, Fukutoshin Line, Toei Oedo Line, Marunouchi Line, Toei Shinjuku Line)
Shin-Okubo 5 (Yamanote Line, Fukutoshin Line, Toei Oedo Line, Marunouchi Line, Toei Shinjuku Line)
Shin-Okubo 5 (Yamanote Line, Fukutoshin Line, Toei Oedo Line, Marunouchi Line, Toei Shinjuku Line)
Shin-Okubo 5 (Yamanote Line, Fukutoshin Line, Toei Oedo Line, Marunouchi Line, Toei Shinjuku Line)
Shin-Okubo 5 (Yamanote Line, Fukutoshin Line, Toei Oedo Line, Marunouchi Line, Toei Shinjuku Line)
Shin-Okubo 5 (Yamanote Line, Fukutoshin Line, Toei Oedo Line, Marunouchi Line, Toei Shinjuku Line)
Shin-Okubo 5 (Yamanote Line, Fukutoshin Line, Toei Oedo Line, Marunouchi Line, Toei Shinjuku Line)
Shin-Okubo 5 (Yamanote Line, Fukutoshin Line, Toei Oedo Line, Marunouchi Line, Toei Shinjuku Line)
Shin-Okubo 5 (Yamanote Line, Fukutoshin Line, Toei Oedo Line, Marunouchi Line, Toei Shinjuku Line)
Shin-Okubo 5 (Yamanote Line, Fukutoshin Line, Toei Oedo Line, Marunouchi Line, Toei Shinjuku Line)
Shin-Okubo 5 (Yamanote Line, Fukutoshin Line, Toei Oedo Line, Marunouchi Line, Toei Shinjuku Line)
Shin-Okubo 5 (Yamanote Line, Fukutoshin Line, Toei Oedo Line, Marunouchi Line, Toei Shinjuku Line)
Shin-Okubo 5 (Yamanote Line, Fukutoshin Line, Toei Oedo Line, Marunouchi Line, Toei Shinjuku Line)
Shin-Okubo 5 (Yamanote Line, Fukutoshin Line, Toei Oedo Line, Marunouchi Line, Toei Shinjuku Line)
Shin-Okubo 5 (Yamanote Line, Fukutoshin Line, Toei Oedo Line, Marunouchi Line, Toei Shinjuku Line)
Shin-Okubo 5 (Yamanote Line, Fukutoshin Line, Toei Oedo Line, Marunouchi Line, Toei Shinjuku Line)
Shin-Okubo 5 (Yamanote Line, Fukutoshin Line, Toei Oedo Line, Marunouchi Line, Toei Shinjuku Line)
Shin-Okubo 5 (Yamanote Line, Fukutoshin Line, Toei Oedo Line, Marunouchi Line, Toei Shinjuku Line)
Shin-Okubo 5 (Yamanote Line, Fukutoshin Line, Toei Oedo Line, Marunouchi Line, Toei Shinjuku Line)
Shin-Okubo 5 (Yamanote Line, Fukutoshin Line, Toei Oedo Line, Marunouchi Line, Toei Shinjuku Line)
Shin-Okubo 5 (Yamanote Line, Fukutoshin Line, Toei Oedo Line, Marunouchi Line, Toei Shinjuku Line)
Shin-Okubo 5 (Yamanote Line, Fukutoshin Line, Toei Oedo Line, Marunouchi Line, Toei Shinjuku Line)
Shin-Okubo 5 (Yamanote Line, Fukutoshin Line, Toei Oedo Line, Marunouchi Line, Toei Shinjuku Line)
Shin-Okubo 5 (Yamanote Line, Fukutoshin Line, Toei Oedo Line, Marunouchi Line, Toei Shinjuku Line)
Shin-Okubo 5 (Yamanote Line, Fukutoshin Line, Toei Oedo Line, Marunouchi Line, Toei Shinjuku Line)
Shin-Okubo 5 (Yamanote Line, Fukutoshin Line, Toei Oedo Line, Marunouchi Line, Toei Shinjuku Line)
Shin-Okubo 5 (Yamanote Line, Fukutoshin Line, Toei Oedo Line, Marunouchi Line, Toei Shinjuku Line)
Shin-Okubo 5 (Yamanote Line, Fukutoshin Line, Toei Oedo Line, Marunouchi Line, Toei Shinjuku Line)
Shin-Okubo 5 (Yamanote Line, Fukutoshin Line, Toei Oedo Line, Marunouchi Line, Toei Shinjuku Line)
Shin-Okubo 5 (Yamanote Line, Fukutoshin Line, Toei Oedo Line, Marunouchi Line, Toei Shinjuku Line)
Shin-Okubo 5 (Yamanote Line, Fukutoshin Line, Toei Oedo Line, Marunouchi Line, Toei Shinjuku Line)
Shin-Okubo 5 (Yamanote Line, Fukutoshin Line, Toei Oedo Line, Marunouchi Line, Toei Shinjuku Line)
Shin-Okubo 5 (Yamanote Line, Fukutoshin Line, Toei Oedo Line, Marunouchi Line, Toei Shinjuku Line)
Shin-Okubo 5 (Yamanote Line, Fukutoshin Line, Toei Oedo Line, Marunouchi Line, Toei Shinjuku Line)
Shin-Okubo 5 (Yamanote Line, Fukutoshin Line, Toei Oedo Line, Marunouchi Line, Toei Shinjuku Line)
Shin-Okubo 5 (Yamanote Line, Fukutoshin Line, Toei Oedo Line, Marunouchi Line, Toei Shinjuku Line)
Shin-Okubo 5 (Yamanote Line, Fukutoshin Line, Toei Oedo Line, Marunouchi Line, Toei Shinjuku Line)
Shin-Okubo 5 (Yamanote Line, Fukutoshin Line, Toei Oedo Line, Marunouchi Line, Toei Shinjuku Line)
Shin-Okubo 5 (Yamanote Line, Fukutoshin Line, Toei Oedo Line, Marunouchi Line, Toei Shinjuku Line)
Shin-Okubo 5 (Yamanote Line, Fukutoshin Line, Toei Oedo Line, Marunouchi Line, Toei Shinjuku Line)
Shin-Okubo 5 (Yamanote Line, Fukutoshin Line, Toei Oedo Line, Marunouchi Line, Toei Shinjuku Line)
Shin-Okubo 5 (Yamanote Line, Fukutoshin Line, Toei Oedo Line, Marunouchi Line, Toei Shinjuku Line)
Shin-Okubo 5 (Yamanote Line, Fukutoshin Line, Toei Oedo Line, Marunouchi Line, Toei Shinjuku Line)
Shin-Okubo 5 (Yamanote Line, Fukutoshin Line, Toei Oedo Line, Marunouchi Line, Toei Shinjuku Line)
Shin-Okubo 5 (Yamanote Line, Fukutoshin Line, Toei Oedo Line, Marunouchi Line, Toei Shinjuku Line)
Shin-Okubo 5 (Yamanote Line, Fukutoshin Line, Toei Oedo Line, Marunouchi Line, Toei Shinjuku Line)
Shin-Okubo 5 (Yamanote Line, Fukutoshin Line, Toei Oedo Line, Marunouchi Line, Toei Shinjuku Line)
Shin-Okubo 5 (Yamanote Line, Fukutoshin Line, Toei Oedo Line, Marunouchi Line, Toei Shinjuku Line)
Shin-Okubo 5 (Yamanote Line, Fukutoshin Line, Toei Oedo Line, Marunouchi Line, Toei Shinjuku Line)
Shin-Okubo 5 (Yamanote Line, Fukutoshin Line, Toei Oedo Line, Marunouchi Line, Toei Shinjuku Line)
Shin-Okubo 5 (Yamanote Line, Fukutoshin Line, Toei Oedo Line, Marunouchi Line, Toei Shinjuku Line)
Shin-Okubo 5 (Yamanote Line, Fukutoshin Line, Toei Oedo Line, Marunouchi Line, Toei Shinjuku Line)
Shin-Okubo 5 (Yamanote Line, Fukutoshin Line, Toei Oedo Line, Marunouchi Line, Toei Shinjuku Line)
Shin-Okubo 5 (Yamanote Line, Fukutoshin Line, Toei Oedo Line, Marunouchi Line, Toei Shinjuku Line)
Shin-Okubo 5 (Yamanote Line, Fukutoshin Line, Toei Oedo Line, Marunouchi Line, Toei Shinjuku Line)
Shin-Okubo 5 (Yamanote Line, Fukutoshin Line, Toei Oedo Line, Marunouchi Line, Toei Shinjuku Line)
Shin-Okubo 5 (Yamanote Line, Fukutoshin Line, Toei Oedo Line, Marunouchi Line, Toei Shinjuku Line)
Shin-Okubo 5 (Yamanote Line, Fukutoshin Line, Toei Oedo Line, Marunouchi Line, Toei Shinjuku Line)
Shin-Okubo 5 (Yamanote Line, Fukutoshin Line, Toei Oedo Line, Marunouchi Line, Toei Shinjuku Line)
Shin-Okubo 5 (Yamanote Line, Fukutoshin Line, Toei Oedo Line, Marunouchi Line, Toei Shinjuku Line)
Shin-Okubo 5 (Yamanote Line, Fukutoshin Line, Toei Oedo Line, Marunouchi Line, Toei Shinjuku Line)
Shin-Okubo 5 (Yamanote Line, Fukutoshin Line, Toei Oedo Line, Marunouchi Line, Toei Shinjuku Line)
Shin-Okubo 5 (Yamanote Line, Fukutoshin Line, Toei Oedo Line, Marunouchi Line, Toei Shinjuku Line)
Shin-Okubo 5 (Yamanote Line, Fukutoshin Line, Toei Oedo Line, Marunouchi Line, Toei Shinjuku Line)
Shin-Okubo 5 (Yamanote Line, Fukutoshin Line, Toei Oedo Line, Marunouchi Line, Toei Shinjuku Line)
Shin-Okubo 5 (Yamanote Line, Fuk
