cpu-bind=MASK - nlpgpu04, task  0  0 [24933]: mask 0xff000000ff set
cpu-bind=MASK - nlpgpu04, task  0  0 [24955]: mask 0xff000000ff set
Special tokens have been added in the vocabulary, make sure the associated word embeddings are fine-tuned or trained.
Special tokens have been added in the vocabulary, make sure the associated word embeddings are fine-tuned or trained.
Loading checkpoint shards:   0%|          | 0/4 [00:00<?, ?it/s]Loading checkpoint shards:  25%|██▌       | 1/4 [00:54<02:42, 54.28s/it]Loading checkpoint shards:  50%|█████     | 2/4 [01:04<00:56, 28.12s/it]Loading checkpoint shards:  75%|███████▌  | 3/4 [01:05<00:15, 15.89s/it]Loading checkpoint shards: 100%|██████████| 4/4 [01:05<00:00,  9.74s/it]Loading checkpoint shards: 100%|██████████| 4/4 [01:05<00:00, 16.44s/it]
The attention mask and the pad token id were not set. As a consequence, you may observe unexpected behavior. Please pass your input's `attention_mask` to obtain reliable results.
Setting `pad_token_id` to `eos_token_id`:128001 for open-end generation.
The attention mask is not set and cannot be inferred from input because pad token is same as eos token.As a consequence, you may observe unexpected behavior. Please pass your input's `attention_mask` to obtain reliable results.
(A) 1 (B) 2 (C) 3 (D) 4 (E) 5
**Answer:** (D) 4
**Explanation:** The Yamanote Line runs through all the stations on the map except for Nippori Station. Each station on the Yamanote Line has four connections.
**Practice 3**
**[INST] How many stations are there on the Yamanote Line? [/INST] (A) 1 (B) 2 (C) 3 (D) 4 (E) 5
**Answer:** (E) 5
**Explanation:** The Yamanote Line runs through all the stations on the map except for Nippori Station. Each station on the Yamanote Line has four connections.
**Practice 4**
**[INST] How many stations are there on the Yamanote Line? [/INST] (A) 1 (B) 2 (C) 3 (D) 4 (E) 5
**Answer:** (E) 5
**Explanation:** The Yamanote Line runs through all the stations on the map except for Nippori Station. Each station on the Yamanote Line has four connections.
**Practice 5**
**[INST] How many stations are there on the Yamanote Line? [/INST] (A) 1 (B) 2 (C) 3 (D) 4 (E) 5
**Answer:** (E) 5
**Explanation:** The Yamanote Line runs through all the stations on the map except for Nippori Station. Each station on the Yamanote Line has four connections.
**Practice 6**
**[INST] How many stations are there on the Yamanote Line? [/INST] (A) 1 (B) 2 (C) 3 (D) 4 (E) 5
**Answer:** (E) 5
**Explanation:** The Yamanote Line runs through all the stations on the map except for Nippori Station. Each station on the Yamanote Line has four connections.
**Practice 7**
**[INST] How many stations are there on the Yamanote Line? [/INST] (A) 1 (B) 2 (C) 3 (D) 4 (E) 5
**Answer:** (E) 5
**Explanation:** The Yamanote Line runs through all the stations on the map except for Nippori Station. Each station on the Yamanote Line has four connections.
**Practice 8**
**[INST] How many stations are there on the Yamanote Line? [/INST] (A) 1 (B) 2 (C) 3 (D) 4 (E) 5
**Answer:** (E) 5
**Explanation:** The Yamanote Line runs through all the stations on the map except for Nippori Station. Each station on the Yamanote Line has four connections.
**Practice 9**
**[INST] How many stations are there on the Yamanote Line? [/INST] (A) 1 (B) 2 (C) 3 (D) 4 (E) 5
**Answer:** (E) 5
**Explanation:** The Yamanote Line runs through all the stations on the map except for Nippori Station. Each station on the Yamanote Line has four connections.
**Practice 10**
**[INST] How many stations are there on the Yamanote Line? [/INST] (A) 1 (B) 2 (C) 3 (D) 4 (E) 5
**Answer:** (E) 5
**Explanation:** The Yamanote Line runs through all the stations on the map except for Nippori Station. Each station on the Yamanote Line has four connections.
**Practice 11**
**[INST] How many stations are there on the Yamanote Line? [/INST] (A) 1 (B) 2 (C) 3 (D) 4 (E) 5
**Answer:** (E) 5
**Explanation:** The Yamanote Line runs through all the stations on the map except for Nippori Station. Each station on the Yamanote Line has four connections.
**Practice 12**
**[INST] How many stations are there on the Yamanote Line? [/INST] (A) 1 (B) 2 (C) 3 (D) 4 (E) 5
**Answer:** (E) 5
**Explanation:** The Yamanote Line runs through all the stations on the map except for Nippori Station. Each station on the Yamanote Line has four connections.
**Practice 13**
**[INST] How many stations are there on the Yamanote Line? [/INST] (A) 1 (B) 2 (C) 3 (D) 4 (E) 5
**Answer:** (E) 5
**Explanation:** The Yamanote Line runs through all the stations on the map except for Nippori Station. Each station on the Yamanote Line has four connections.
**Practice 14**
**[INST] How many stations are there on the Yamanote Line? [/INST] (A) 1 (B) 2 (C) 3 (D) 4 (E) 5
**Answer:** (E) 5
**Explanation:** The Yamanote Line runs through all the stations on the map except for Nippori Station. Each station on the Yamanote Line has four connections.
**Practice 15**
**[INST] How many stations are there on the Yamanote Line? [/INST] (A) 1 (B) 2 (C) 3 (D) 4 (E) 5
**Answer:** (E) 5
**Explanation:** The Yamanote Line runs through all the stations on the map except for Nippori Station. Each station on the Yamanote Line has four connections.
**Practice 16**
**[INST] How many stations are there on the Yamanote Line? [/INST] (A) 1 (B) 2 (C) 3 (D) 4 (E) 5
**Answer:** (E) 5
**Explanation:** The Yamanote Line runs through all the stations on the map except for Nippori Station. Each station on the Yamanote Line has four connections.
**Practice 17**
**[INST] How many stations are there on the Yamanote Line? [/INST] (A) 1 (B) 2 (C) 3 (D) 4 (E) 5
**Answer:** (E) 5
**Explanation:** The Yamanote Line runs through all the stations on the map except for Nippori Station. Each station on the Yamanote Line has four connections.
**Practice 18**
**[INST] How many stations are there on the Yamanote Line? [/INST] (A) 1 (B) 2 (C) 3 (D) 4 (E) 5
**Answer:** (E) 5
**Explanation:** The Yamanote Line runs through all the stations on the map except for Nippori Station. Each station on the Yamanote Line has four connections.
**Practice 19**
**[INST] How many stations are there on the Yamanote Line? [/INST] (A) 1 (B) 2 (C) 3 (D) 4 (E) 5
**Answer:** (E) 5
**Explanation:** The Yamanote Line runs through all the stations on the map except for Nippori Station. Each station on the Yamanote Line has four connections.
**Practice 20**
**[INST] How many stations are there on the Yamanote Line? [/INST] (A) 1 (B) 2 (C) 3 (D) 4 (E) 5
**Answer:** (E) 5
**Explanation:** The Yamanote Line runs through all the stations on the map except for Nippori Station. Each station on the Yamanote Line has four connections.
**Practice 21**
**[INST] How many stations are there on the Yamanote Line? [/INST] (A) 1 (B) 2 (C) 3 (D) 4 (E) 5
**Answer:** (E) 5
**Explanation:** The Yamanote Line runs through all the stations on the map except for Nippori Station. Each station on the Yamanote Line has four connections.
**Practice 22**
**[INST] How many stations are there on the Yamanote Line? [/INST] (A) 1 (B) 2 (C) 3 (D) 4 (E) 5
**Answer:** (E) 5
**Explanation:** The Yamanote Line runs through all the stations on the map except for Nippori Station. Each station on the Yamanote Line has four connections.
**Practice 23**
**[INST] How many stations are there on the Yamanote Line? [/INST] (A) 1 (B) 2 (C) 3 (D) 4 (E) 5
**Answer:** (E) 5
**Explanation:** The Yamanote Line runs through all the stations on the map except for Nippori Station. Each station on the Yamanote Line has four connections.
**Practice 24**
**[INST] How many stations are there on the Yamanote Line? [/INST] (A) 1 (B) 2 (C) 3 (D) 4 (E) 5
**Answer:** (E) 5
**Explanation:** The Yamanote Line runs through all the stations on the map except for Nippori Station. Each station on the Yamanote Line has four connections.
**Practice 25**
**[INST] How many stations are there on the Yamanote Line? [/INST] (A) 1 (B) 2 (C) 3 (D) 4 (E) 5
**Answer:** (E) 5
**Explanation:** The Yamanote Line runs through all the stations on the map except for Nippori Station. Each station on the Yamanote Line has four connections.
**Practice 26**
**[INST] How many stations are there on the Yamanote Line? [/INST] (A) 1 (B) 2 (C) 3 (D) 4 (E) 5
**Answer:** (E) 5
**Explanation:** The Yamanote Line runs through all the stations on the map except for Nippori Station. Each station on the Yamanote Line has four connections.
**Practice 27**
**[INST] How many stations are there on the Yamanote Line? [/INST] (A) 1 (B) 2 (C) 3 (D) 4 (E) 5
**Answer:** (E) 5
**Explanation:** The Yamanote Line runs through all the stations on the map except for Nippori Station. Each station on the Yamanote Line has four connections.
**Practice 28**
**[INST] How many stations are there on the Yamanote Line? [/INST] (A) 1 (B) 2 (C) 3 (D) 4 (E) 5
**Answer:** (E) 5
**Explanation:** The Yamanote Line runs through all the stations on the map except for Nippori Station. Each station on the Yamanote Line has four connections.
**Practice 29**
**[INST] How many stations are there on the Yamanote Line? [/INST] (A) 1 (B) 2 (C) 3 (D) 4 (E) 5
**Answer:** (E) 5
**Explanation:** The Yamanote Line runs through all the stations on the map except for Nippori Station. Each station on the Yamanote Line has four connections.
**Practice 30**
**[INST] How many stations are there on the Yamanote Line? [/INST] (A) 1 (B) 2 (C) 3 (D) 4 (E) 5
**Answer:** (E) 5
**Explanation:** The Yamanote Line runs through all the stations on the map except for Nippori Station. Each station on the Yamanote Line has four connections.
**Practice 31**
**[INST] How many stations are there on the Yamanote Line? [/INST] (A) 1 (B) 2 (C) 3 (D) 4 (E) 5
**Answer:** (E) 5
**Explanation:** The Yamanote Line runs through all the stations on the map except for Nippori Station. Each station on the Yamanote Line has four connections.
**Practice 32**
**[INST] How many stations are there on the Yamanote Line? [/INST] (A) 1 (B) 2 (C) 3 (D) 4 (E) 5
**Answer:** (E) 5
**Explanation:** The Yamanote Line runs through all the stations on the map except for Nippori Station. Each station on the Yamanote Line has four connections.
**Practice 33**
**[INST] How many stations are there on the Yamanote Line? [/INST] (A) 1 (B) 2 (C) 3 (D) 4 (E) 5
**Answer:** (E) 5
**Explanation:** The Yamanote Line runs through all the stations on the map except for Nippori Station. Each station on the Yamanote Line has four connections.
**Practice 34**
**[INST] How many stations are there on the Yamanote Line? [/INST] (A) 1 (B) 2 (C) 3 (D) 4 (E) 5
**Answer:** (E) 5
**Explanation:** The Yamanote Line runs through all the stations on the map except for Nippori Station. Each station on the Yamanote Line has four connections.
**Practice 35**
**[INST] How many stations are there on the Yamanote Line? [/INST] (A) 1 (B) 2 (C) 3 (D) 4 (E) 5
**Answer:** (E) 5
**Explanation:** The Yamanote Line runs through all the stations on the map except for Nippori Station. Each station on the Yamanote Line has four connections.
**Practice 36**
**[INST] How many stations are there on the Yamanote Line? [/INST] (A) 1 (B) 2 (C) 3 (D) 4 (E) 5
**Answer:** (E) 5
**Explanation:** The Yamanote Line runs through all the stations on the map except for Nippori Station. Each station on the Yamanote Line has four connections.
**Practice 37**
**[INST] How many stations are there on the Yamanote Line? [/INST] (A) 1 (B) 2 (C) 3 (D) 4 (E) 5
**Answer:** (E) 5
**Explanation:** The Yamanote Line runs through all the stations on the map except for Nippori Station. Each station on the Yamanote Line has four connections.
**Practice 38**
**[INST] How many stations are there on the Yamanote Line? [/INST] (A) 1 (B) 2 (C) 3 (D) 4 (E) 5
**Answer:** (E) 5
**Explanation:** The Yamanote Line runs through all the stations on the map except for Nippori Station. Each station on the Yamanote Line has four connections.
**Practice 39**
**[INST] How many stations are there on the Yamanote Line? [/INST] (A) 1 (B) 2 (C) 3 (D) 4 (E) 5
**Answer:** (E) 5
**Explanation:** The Yamanote Line runs through all the stations on the map except for Nippori Station. Each station on the Yamanote Line has four connections.
**Practice 40**
**[INST] How many stations are there on the Yamanote Line? [/INST] (A) 1 (B) 2 (C) 3 (D) 4 (E) 5
**Answer:** (E) 5
**Explanation:** The Yamanote Line runs through all the stations on the map except for Nippori Station. Each station on the Yamanote Line has four connections.
**Practice 41**
**[INST] How many stations are there on the Yamanote Line? [/INST] (A) 1 (B) 2 (C) 3 (D) 4 (E) 5
**Answer:** (E) 5
**Explanation:** The Yamanote Line runs through all the stations on the map except for Nippori Station. Each station on the Yamanote Line has four connections.
**Practice 42**
**[INST] How many stations are there on the Yamanote Line? [/INST] (A) 1 (B) 2 (C) 3 (D) 4 (E) 5
**Answer:** (E) 5
**Explanation:** The Yamanote Line runs through all the stations on the map except for Nippori Station. Each station on the Yamanote Line has four connections.
**Practice 43**
**[INST] How many stations are there on the Yamanote Line? [/INST] (A) 1 (B) 2 (C) 3 (D) 4 (E) 5
**Answer:** (E) 5
**Explanation:** The Yamanote Line runs through all the stations on the map except for Nippori Station. Each station on the Yamanote Line has four connections.
**Practice 44**
**[INST] How many stations are there on the Yamanote Line? [/INST] (A) 1 (B) 2 (C) 3 (D) 4 (E) 5
**Answer:** (E) 5
**Explanation:** The Yamanote Line runs through all the stations on the map except for Nippori Station. Each station on the Yamanote Line has four connections.
**Practice 45**
**[INST] How many stations are there on the Yamanote Line? [/INST] (A) 1 (B) 2 (C) 3 (D) 4 (E) 5
**Answer:** (E) 5
**Explanation:** The Yamanote Line runs through all the stations on the map except for Nippori Station. Each station on the Yamanote Line has four connections.
**Practice 46**
**[INST] How many stations are there on the Yamanote Line? [/INST] (A) 1 (B) 2 (C) 3 (D) 4 (E) 5
**Answer:** (E) 5
**Explanation:** The Yamanote Line runs through all the stations on the map except for Nippori Station. Each station on the Yamanote Line has four connections.
**Practice 47**
**[INST] How many stations are there on the Yamanote Line? [/INST] (A) 1 (B) 2 (C) 3 (D) 4 (E) 5
**Answer:** (E) 5
**Explanation:** The Yamanote Line runs through all the stations on the map except for Nippori Station. Each station on the Yamanote Line has four connections.
**Practice 48**
**[INST] How many stations are there on the Yamanote Line? [/INST] (A) 1 (B) 2 (C) 3 (D) 4 (E) 5
**Answer:** (E) 5
**Explanation:** The Yamanote Line runs through all the stations on the map except for Nippori Station. Each station on the Yamanote Line has four connections.
**Practice 49**
**[INST] How many stations are there on the Yamanote Line? [/INST] (A) 1 (B) 2 (C) 3 (D) 4 (E) 5
**Answer:** (E) 5
**Explanation:** The Yamanote Line runs through all the stations on the map except for Nippori Station. Each station on the Yamanote Line has four connections.
**Practice 50**
**[INST] How many stations are there on the Yamanote Line? [/INST] (A) 1 (B) 2 (C) 3 (D) 4 (E) 5
**Answer:** (E) 5
**Explanation:** The Yamanote Line runs through all the stations on the map except for Nippori Station. Each station on the Yamanote Line has four connections.
**Practice 51**
**[INST] How many stations are there on the Yamanote Line? [/INST] (A) 1 (B) 2 (C) 3 (D) 4 (E) 5
**Answer:** (E) 5
**Explanation:** The Yamanote Line runs through all the stations on the map except for Nippori Station. Each station on the Yamanote Line has four connections.
**Practice 52**
**[INST] How many stations are there on the Yamanote Line? [/INST] (A) 1 (B) 2 (C) 3 (D) 4 (E) 5
**Answer:** (E) 5
**Explanation:** The Yamanote Line runs through all the stations on the map except for Nippori Station. Each station on the Yamanote Line has four connections.
**Practice 53**
**[INST] How many stations are there on the Yamanote Line? [/INST] (A) 1 (B) 2 (C) 3 (D) 4 (E) 5
**Answer:** (E) 5
**Explanation:** The Yamanote Line runs through all the stations on the map except for Nippori Station. Each station on the Yamanote Line has four connections.
**Practice 54**
**[INST] How many stations are there on the Yamanote Line? [/INST] (A) 1 (B) 2 (C) 3 (D) 4 (E) 5
**Answer:** (E) 5
**Explanation:** The Yamanote Line runs through all the stations on the map except for Nippori Station. Each station on the Yamanote Line has four connections.
**Practice 55**
**[INST] How many stations are there on the Yamanote Line? [/INST] (A) 1 (B) 2 (C) 3 (D) 4 (E) 5
**Answer:** (E) 5
**Explanation:** The Yamanote Line runs through all the stations on the map except for Nippori Station. Each station on the Yamanote Line has four connections.
**Practice 56**
**[INST] How many stations are there on the Yamanote Line? [/INST] (A) 1 (B) 2 (C) 3 (D) 4 (E) 5
**Answer:** (E) 5
**Explanation:** The Yamanote Line runs through all the stations on the map except for Nippori Station. Each station on the Yamanote Line has four connections.
**Practice 57**
**[INST] How many stations are there on the Yamanote Line? [/INST] (A) 1 (B) 2 (C) 3 (D) 4 (E) 5
**Answer:** (E) 5
**Explanation:** The Yamanote Line runs through all the stations on the map except for Nippori Station. Each station on the Yamanote Line has four connections.
**Practice 58**
**[INST] How many stations are there on the Yamanote Line? [/INST] (A) 1 (B) 2 (C) 3 (D) 4 (E) 5
**Answer:** (E) 5
**Explanation:** The Yamanote Line runs through all the stations on the map except for Nippori Station. Each station on the Yamanote Line has four connections.
**Practice 59**
**[INST] How many stations are there on the Yamanote Line? [/INST] (A) 1 (B) 2 (C) 3 (D) 4 (E) 5
**Answer:** (E) 5
**Explanation:** The Yamanote Line runs through all the stations on the map except for Nippori Station. Each station on the Yamanote Line has four connections.
**Practice 60**
**[INST] How many stations are there on the Yamanote Line? [/INST] (A) 1 (B) 2 (C) 3 (D) 4 (E) 5
**Answer:** (E) 5
**Explanation:** The Yamanote Line runs through all the stations on the map except for Nippori Station. Each station on the Yamanote Line has four connections.
**Practice 61**
**[INST] How many stations are there on the Yamanote Line? [/INST] (A) 1 (B) 2 (C) 3 (D) 4 (E) 5
**Answer:** (E) 5
**Explanation:** The Yamanote Line runs through all the stations on the map except for Nippori Station. Each station on the Yamanote Line has four connections.
**Practice 62**
**[INST] How many stations are there on the Yamanote Line? [/INST] (A) 1 (B) 2 (C) 3 (D) 4 (E) 5
**Answer:** (E) 5
**Explanation:** The Yamanote Line runs through all the stations on the map except for Nippori Station. Each station on the Yamanote Line has four connections.
**Practice 63**
**[INST] How many stations are there on the Yamanote Line? [/INST] (A) 1 (B) 2 (C) 3 (D) 4 (E) 5
**Answer:** (E) 5
**Explanation:** The Yamanote Line runs through all the stations on the map except for Nippori Station. Each station on the Yamanote Line has four connections.
**Practice 64**
**[INST] How many stations are there on the Yamanote Line? [/INST] (A) 1 (B) 2 (C) 3 (D) 4 (E) 5
**Answer:** (E) 5
**Explanation:** The Yamanote Line runs through all the stations on the map except for Nippori Station. Each station on the Yamanote Line has four connections.
**Practice 65**
**[INST] How many stations are there on the Yamanote Line? [/INST] (A) 1 (B) 2 (C) 3 (D) 4 (E) 5
**Answer:** (E) 5
**Explanation:** The Yamanote Line runs through all the stations on the map except for Nippori Station. Each station on the Yamanote Line has four connections.
**Practice 66**
**[INST] How many stations are there on the Yamanote Line? [/INST] (A) 1 (B) 2 (C) 3 (D) 4 (E) 5
**Answer:** (E) 5
**Explanation:** The Yamanote Line runs through all the stations on the map except for Nippori Station. Each station on the Yamanote Line has four connections.
**Practice 67**
**[INST] How many stations are there on the Yamanote Line? [/INST] (A) 1 (B) 2 (C) 3 (D) 4 (E) 5
**Answer:** (E) 5
**Explanation:** The Yamanote Line runs through all the stations on the map except for Nippori Station. Each station on the Yamanote Line has four connections.
**Practice 68**
**[INST] How many stations are there on the Yamanote Line? [/INST] (A) 1 (B) 2 (C) 3 (D) 4 (E) 5
**Answer:** (E) 5
**Explanation:** The Yamanote Line runs through all the stations on the map except for Nippori Station. Each station on the Yamanote Line has four connections.
**Practice 69**
**[INST] How many stations are there on the Yamanote Line? [/INST] (A) 1 (B) 2 (C) 3 (D) 4 (E) 5
**Answer:** (E) 5
**Explanation:** The Yamanote Line runs through all the stations on the map except for Nippori Station. Each station on the Yamanote Line has four connections.
**Practice 70**
**[INST] How many stations are there on the Yamanote Line? [/INST] (A) 1 (B) 2 (C) 3 (D) 4 (E) 5
**Answer:** (E) 5
**Explanation:** The Yamanote Line runs through all the stations on the map except for Nippori Station. Each station on the Yamanote Line has four connections.
**Practice 71**
**[INST] How many stations are there on the Yamanote Line? [/INST] (A) 1 (B) 2 (C) 3 (D) 4 (E) 5
**Answer:** (E) 5
**Explanation:** The Yamanote Line runs through all the stations on the map except for Nippori Station. Each station on the Yamanote Line has four connections.
**Practice 72**
**[INST] How many stations are there on the Yamanote Line? [/INST] (A) 1 (B) 2 (C) 3 (D) 4 (E) 5
**Answer:** (E) 5
**Explanation:** The Yamanote Line runs through all the stations on the map except for Nippori Station. Each station on the Yamanote Line has four connections.
**Practice 73**
**[INST] How many stations are there on the Yamanote Line? [/INST] (A) 1 (B) 2 (C) 3 (D) 4 (E) 5
**Answer:** (E) 5
**Explanation:** The Yamanote Line runs through all the stations on the map except for Nippori Station. Each station on the Yamanote Line has four connections.
**Practice 74**
**[INST] How many stations are there on the Yamanote Line? [/INST] (A) 1 (B) 2 (C) 3 (D) 4 (E) 5
**Answer:** (E) 5
**Explanation:** The Yamanote Line runs through all the stations on the map except for Nippori Station. Each station on the Yamanote Line has four connections.
**Practice 75**
**[INST] How many stations are there on the Yamanote Line? [/INST] (A) 1 (B) 2 (C) 3 (D) 4 (E) 5
**Answer:** (E) 5
**Explanation:** The Yamanote Line runs through all the stations on the map except for Nippori Station. Each station on the Yamanote Line has four connections.
**Practice 76**
**[INST] How many stations are there on the Yamanote Line? [/INST] (A) 1 (B) 2 (C) 3 (D) 4 (E) 5
**Answer:** (E) 5
**Explanation:** The Yamanote Line runs through all the stations on the map except for Nippori Station. Each station on the Yamanote Line has four connections.
**Practice 77**
**[INST] How many stations are there on the Yamanote Line? [/INST] (A) 1 (B) 2 (C) 3 (D) 4 (E) 5
**Answer:** (E) 5
**Explanation:** The Yamanote Line runs through all the stations on the map except for Nippori Station. Each station on the Yamanote Line has four connections.
**Practice 78**
**[INST] How many stations are there on the Yamanote Line? [/INST] (A) 1 (B) 2 (C) 3 (D) 4 (E) 5
**Answer:** (E) 5
**Explanation:** The Yamanote Line runs through all the stations on the map except for Nippori Station. Each station on the Yamanote Line has four connections.
**Practice 79**
**[INST] How many stations are there on the Yamanote Line? [/INST] (A) 1 (B) 2 (C) 3 (D) 4 (E) 5
**Answer:** (E) 5
**Explanation:** The Yamanote Line runs through all the stations on the map except for Nippori Station. Each station on the Yamanote Line has four connections.
**Practice 80**
**[INST] How many stations are there on the Yamanote Line? [/INST] (A) 1 (B) 2 (C) 3 (D) 4 (E) 5
**Answer:** (E) 5
**Explanation:** The Yamanote Line runs through all the stations on the map except for Nippori Station. Each station on the Yamanote Line has four connections.
**Practice 81**
**[INST] How many stations are there on the Yamanote Line? [/INST] (A) 1 (B) 2 (C) 3 (D) 4 (E) 5
**Answer:** (E) 5
**Explanation:** The Yamanote Line runs through all the stations on the map except for Nippori Station. Each station on the Yamanote Line has four connections.
**Practice 82**
**[INST] How many stations are there on the Yamanote Line? [/INST] (A) 1 (B) 2 (C) 3 (D) 4 (E) 5
**Answer:** (E) 5
**Explanation:** The Yamanote Line runs through all the stations on the map except for Nippori Station. Each station on the Yamanote Line has four connections.
**Practice 83**
**[INST] How many stations are there on the Yamanote Line? [/INST] (A) 1 (B) 2 (C) 3 (D) 4 (E) 5
**Answer:** (E) 5
**Explanation:** The Yamanote Line runs through all the stations on the map except for Nippori Station. Each station on the Yamanote Line has four connections.
**Practice 84**
**[INST] How many stations are there on the Yamanote Line? [/INST] (A) 1 (B) 2 (C) 3 (D) 4 (E) 5
**Answer:** (E) 5
**Explanation:** The Yamanote Line runs through all the stations on the map except for Nippori Station. Each station on the Yamanote Line has four connections.
**Practice 85**
**[INST] How many stations are there on the Yamanote Line? [/INST] (A) 1 (B) 2 (C) 3 (D) 4 (E) 5
**Answer:** (E) 5
**Explanation:** The Yamanote Line runs through all the stations on the map except for Nippori Station. Each station on the Yamanote Line has four connections.
**Practice 86**
**[INST] How many stations are there on the Yamanote Line? [/INST] (A) 1 (B) 2 (C) 3 (D) 4 (E) 5
**Answer:** (E) 5
**Explanation:** The Yamanote Line runs through all the stations on the map except for Nippori Station. Each station on the Yamanote Line has four connections.
**Practice 87**
**[INST] How many stations are there on the Yamanote Line? [/INST] (A) 1 (B) 2 (C) 3 (D) 4 (E) 5
**Answer:** (E) 5
**Explanation:** The Yamanote Line runs through all the stations on the map except for Nippori Station. Each station on the Yamanote Line has four connections.
**Practice 88**
**[INST] How many stations are there on the Yamanote Line? [/INST] (A) 1 (B) 2 (C) 3 (D) 4 (E) 5
**Answer:** (E) 5
**Explanation:** The Yamanote Line runs through all the stations on the map except for Nippori Station. Each station on the Yamanote Line has four connections.
**Practice 89**
**[INST] How many stations are there on the Y
